# JRE version: Java(TM) SE Runtime Environment (8.0_141-b15) (build 1.8.0_141-b15)
# Java VM: Java HotSpot(TM) 64-Bit Server VM (25.141-b15 mixed mode linux-amd64 compressed oops)
Heap:
 PSYoungGen      total 19968K, used 14822K [0x00000000e9300000, 0x00000000f4780000, 0x0000000100000000)
  eden space 19456K, 76% used [0x00000000e9300000,0x00000000ea171aa0,0x00000000ea600000)
  from space 512K, 6% used [0x00000000f4680000,0x00000000f4688000,0x00000000f4700000)
  to   space 512K, 0% used [0x00000000f4700000,0x00000000f4700000,0x00000000f4780000)
 ParOldGen       total 19968K, used 1568K [0x00000000bb800000, 0x00000000bcb80000, 0x00000000e9300000)
  object space 19968K, 7% used [0x00000000bb800000,0x00000000bb988360,0x00000000bcb80000)
 Metaspace       used 6620K, capacity 6754K, committed 7040K, reserved 1056768K
  class space    used 728K, capacity 787K, committed 896K, reserved 1048576K
GC Heap History (10 events):
Event: 8200.609 GC heap before
{Heap before GC invocations=32353 (full 10):
 PSYoungGen      total 19968K, used 19520K [0x00000000e9300000, 0x00000000f4780000, 0x0000000100000000)
  eden space 19456K, 100% used [0x00000000e9300000,0x00000000ea600000,0x00000000ea600000)
  from space 512K, 12% used [0x00000000f4700000,0x00000000f4710000,0x00000000f4780000)
  to   space 512K, 0% used [0x00000000f4680000,0x00000000f4680000,0x00000000f4700000)
 ParOldGen       total 19968K, used 1528K [0x00000000bb800000, 0x00000000bcb80000, 0x00000000e9300000)
  object space 19968K, 7% used [0x00000000bb800000,0x00000000bb97e360,0x00000000bcb80000)
 Metaspace       used 6620K, capacity 6754K, committed 7040K, reserved 1056768K
  class space    used 728K, capacity 787K, committed 896K, reserved 1048576K
Event: 8200.609 GC heap after
Heap after GC invocations=32353 (full 10):
 PSYoungGen      total 19968K, used 64K [0x00000000e9300000, 0x00000000f4780000, 0x0000000100000000)
  eden space 19456K, 0% used [0x00000000e9300000,0x00000000e9300000,0x00000000ea600000)
  from space 512K, 12% used [0x00000000f4680000,0x00000000f4690000,0x00000000f4700000)
  to   space 512K, 0% used [0x00000000f4700000,0x00000000f4700000,0x00000000f4780000)
 ParOldGen       total 19968K, used 1536K [0x00000000bb800000, 0x00000000bcb80000, 0x00000000e9300000)
  object space 19968K, 7% used [0x00000000bb800000,0x00000000bb980360,0x00000000bcb80000)
 Metaspace       used 6620K, capacity 6754K, committed 7040K, reserved 1056768K
  class space    used 728K, capacity 787K, committed 896K, reserved 1048576K
}
Event: 8200.777 GC heap before
{Heap before GC invocations=32354 (full 10):
 PSYoungGen      total 19968K, used 19520K [0x00000000e9300000, 0x00000000f4780000, 0x0000000100000000)
  eden space 19456K, 100% used [0x00000000e9300000,0x00000000ea600000,0x00000000ea600000)
  from space 512K, 12% used [0x00000000f4680000,0x00000000f4690000,0x00000000f4700000)
  to   space 512K, 0% used [0x00000000f4700000,0x00000000f4700000,0x00000000f4780000)
 ParOldGen       total 19968K, used 1536K [0x00000000bb800000, 0x00000000bcb80000, 0x00000000e9300000)
  object space 19968K, 7% used [0x00000000bb800000,0x00000000bb980360,0x00000000bcb80000)
 Metaspace       used 6620K, capacity 6754K, committed 7040K, reserved 1056768K
  class space    used 728K, capacity 787K, committed 896K, reserved 1048576K
Event: 8200.778 GC heap after
Heap after GC invocations=32354 (full 10):
 PSYoungGen      total 19968K, used 32K [0x00000000e9300000, 0x00000000f4780000, 0x0000000100000000)
  eden space 19456K, 0% used [0x00000000e9300000,0x00000000e9300000,0x00000000ea600000)
  from space 512K, 6% used [0x00000000f4700000,0x00000000f4708000,0x00000000f4780000)
  to   space 512K, 0% used [0x00000000f4680000,0x00000000f4680000,0x00000000f4700000)
 ParOldGen       total 19968K, used 1544K [0x00000000bb800000, 0x00000000bcb80000, 0x00000000e9300000)
  object space 19968K, 7% used [0x00000000bb800000,0x00000000bb982360,0x00000000bcb80000)
 Metaspace       used 6620K, capacity 6754K, committed 7040K, reserved 1056768K
  class space    used 728K, capacity 787K, committed 896K, reserved 1048576K
}
Event: 8200.946 GC heap before
{Heap before GC invocations=32355 (full 10):
 PSYoungGen      total 19968K, used 19488K [0x00000000e9300000, 0x00000000f4780000, 0x0000000100000000)
  eden space 19456K, 100% used [0x00000000e9300000,0x00000000ea600000,0x00000000ea600000)
  from space 512K, 6% used [0x00000000f4700000,0x00000000f4708000,0x00000000f4780000)
  to   space 512K, 0% used [0x00000000f4680000,0x00000000f4680000,0x00000000f4700000)
 ParOldGen       total 19968K, used 1544K [0x00000000bb800000, 0x00000000bcb80000, 0x00000000e9300000)
  object space 19968K, 7% used [0x00000000bb800000,0x00000000bb982360,0x00000000bcb80000)
 Metaspace       used 6620K, capacity 6754K, committed 7040K, reserved 1056768K
  class space    used 728K, capacity 787K, committed 896K, reserved 1048576K
Event: 8200.947 GC heap after
Heap after GC invocations=32355 (full 10):
 PSYoungGen      total 19968K, used 32K [0x00000000e9300000, 0x00000000f4780000, 0x0000000100000000)
  eden space 19456K, 0% used [0x00000000e9300000,0x00000000e9300000,0x00000000ea600000)
  from space 512K, 6% used [0x00000000f4680000,0x00000000f4688000,0x00000000f4700000)
  to   space 512K, 0% used [0x00000000f4700000,0x00000000f4700000,0x00000000f4780000)
 ParOldGen       total 19968K, used 1552K [0x00000000bb800000, 0x00000000bcb80000, 0x00000000e9300000)
  object space 19968K, 7% used [0x00000000bb800000,0x00000000bb984360,0x00000000bcb80000)
 Metaspace       used 6620K, capacity 6754K, committed 7040K, reserved 1056768K
  class space    used 728K, capacity 787K, committed 896K, reserved 1048576K
}
Event: 8201.112 GC heap before
{Heap before GC invocations=32356 (full 10):
 PSYoungGen      total 19968K, used 19488K [0x00000000e9300000, 0x00000000f4780000, 0x0000000100000000)
  eden space 19456K, 100% used [0x00000000e9300000,0x00000000ea600000,0x00000000ea600000)
  from space 512K, 6% used [0x00000000f4680000,0x00000000f4688000,0x00000000f4700000)
  to   space 512K, 0% used [0x00000000f4700000,0x00000000f4700000,0x00000000f4780000)
 ParOldGen       total 19968K, used 1552K [0x00000000bb800000, 0x00000000bcb80000, 0x00000000e9300000)
  object space 19968K, 7% used [0x00000000bb800000,0x00000000bb984360,0x00000000bcb80000)
 Metaspace       used 6620K, capacity 6754K, committed 7040K, reserved 1056768K
  class space    used 728K, capacity 787K, committed 896K, reserved 1048576K
Event: 8201.113 GC heap after
Heap after GC invocations=32356 (full 10):
 PSYoungGen      total 19968K, used 32K [0x00000000e9300000, 0x00000000f4780000, 0x0000000100000000)
  eden space 19456K, 0% used [0x00000000e9300000,0x00000000e9300000,0x00000000ea600000)
  from space 512K, 6% used [0x00000000f4700000,0x00000000f4708000,0x00000000f4780000)
  to   space 512K, 0% used [0x00000000f4680000,0x00000000f4680000,0x00000000f4700000)
 ParOldGen       total 19968K, used 1560K [0x00000000bb800000, 0x00000000bcb80000, 0x00000000e9300000)
  object space 19968K, 7% used [0x00000000bb800000,0x00000000bb986360,0x00000000bcb80000)
 Metaspace       used 6620K, capacity 6754K, committed 7040K, reserved 1056768K
  class space    used 728K, capacity 787K, committed 896K, reserved 1048576K
}
Event: 8201.278 GC heap before
{Heap before GC invocations=32357 (full 10):
 PSYoungGen      total 19968K, used 19488K [0x00000000e9300000, 0x00000000f4780000, 0x0000000100000000)
  eden space 19456K, 100% used [0x00000000e9300000,0x00000000ea600000,0x00000000ea600000)
  from space 512K, 6% used [0x00000000f4700000,0x00000000f4708000,0x00000000f4780000)
  to   space 512K, 0% used [0x00000000f4680000,0x00000000f4680000,0x00000000f4700000)
 ParOldGen       total 19968K, used 1560K [0x00000000bb800000, 0x00000000bcb80000, 0x00000000e9300000)
  object space 19968K, 7% used [0x00000000bb800000,0x00000000bb986360,0x00000000bcb80000)
 Metaspace       used 6620K, capacity 6754K, committed 7040K, reserved 1056768K
  class space    used 728K, capacity 787K, committed 896K, reserved 1048576K
Event: 8201.279 GC heap after
Heap after GC invocations=32357 (full 10):
 PSYoungGen      total 19968K, used 32K [0x00000000e9300000, 0x00000000f4780000, 0x0000000100000000)
  eden space 19456K, 0% used [0x00000000e9300000,0x00000000e9300000,0x00000000ea600000)
  from space 512K, 6% used [0x00000000f4680000,0x00000000f4688000,0x00000000f4700000)
  to   space 512K, 0% used [0x00000000f4700000,0x00000000f4700000,0x00000000f4780000)
 ParOldGen       total 19968K, used 1568K [0x00000000bb800000, 0x00000000bcb80000, 0x00000000e9300000)
  object space 19968K, 7% used [0x00000000bb800000,0x00000000bb988360,0x00000000bcb80000)
 Metaspace       used 6620K, capacity 6754K, committed 7040K, reserved 1056768K
  class space    used 728K, capacity 787K, committed 896K, reserved 1048576K
}

